This is pdfTeX, Version 3.141592653-2.6-1.40.26 (TeX Live 2024) (preloaded format=pdflatex 2024.8.24)  18 SEP 2024 09:08
entering extended mode
 restricted \write18 enabled.
 file:line:error style messages enabled.
 %&-line parsing enabled.
**d:/Files/Sunrt_Notes/o.tex
(d:/Files/Sunrt_Notes/o.tex
LaTeX2e <2023-11-01> patch level 1
L3 programming layer <2024-02-20>
d:/Files/Sunrt_Notes/o.tex:1: Undefined control sequence.
l.1 \section
            {éšæœºè¿‡ç¨‹çš„åŸºæœ¬æ¦‚å¿µå’Œåˆ†ç±» Fundamental concepts \&
The control sequence at the end of the top line
of your error message was never \def'ed. If you have
misspelled it (e.g., `\hobx'), type `I' and the correct
spelling (e.g., `I\hbox'). Otherwise just continue,
and I'll forget about whatever was undefined.


d:/Files/Sunrt_Notes/o.tex:1: LaTeX Error: Unicode character éš (U+968F)
               not set up for use with LaTeX.

See the LaTeX manual or LaTeX Companion for explanation.
Type  H <return>  for immediate help.
 ...                                              
                                                  
l.1 \section{éš
                æœºè¿‡ç¨‹çš„åŸºæœ¬æ¦‚å¿µå’Œåˆ†ç±» Fundamental concepts \&
You may provide a definition with
\DeclareUnicodeCharacter 


d:/Files/Sunrt_Notes/o.tex:1: LaTeX Error: Unicode character æœº (U+673A)
               not set up for use with LaTeX.

See the LaTeX manual or LaTeX Companion for explanation.
Type  H <return>  for immediate help.
 ...                                              
                                                  
l.1 \section{éšæœº
                   è¿‡ç¨‹çš„åŸºæœ¬æ¦‚å¿µå’Œåˆ†ç±» Fundamental concepts \&
You may provide a definition with
\DeclareUnicodeCharacter 


d:/Files/Sunrt_Notes/o.tex:1: LaTeX Error: Unicode character è¿‡ (U+8FC7)
               not set up for use with LaTeX.

See the LaTeX manual or LaTeX Companion for explanation.
Type  H <return>  for immediate help.
 ...                                              
                                                  
l.1 \section{éšæœºè¿‡
                      ç¨‹çš„åŸºæœ¬æ¦‚å¿µå’Œåˆ†ç±» Fundamental concepts \&
You may provide a definition with
\DeclareUnicodeCharacter 


d:/Files/Sunrt_Notes/o.tex:1: LaTeX Error: Unicode character ç¨‹ (U+7A0B)
               not set up for use with LaTeX.

See the LaTeX manual or LaTeX Companion for explanation.
Type  H <return>  for immediate help.
 ...                                              
                                                  
l.1 \section{éšæœºè¿‡ç¨‹
                         çš„åŸºæœ¬æ¦‚å¿µå’Œåˆ†ç±» Fundamental concepts \&
You may provide a definition with
\DeclareUnicodeCharacter 


d:/Files/Sunrt_Notes/o.tex:1: LaTeX Error: Unicode character çš„ (U+7684)
               not set up for use with LaTeX.

See the LaTeX manual or LaTeX Companion for explanation.
Type  H <return>  for immediate help.
 ...                                              
                                                  
l.1 \section{éšæœºè¿‡ç¨‹çš„
                            åŸºæœ¬æ¦‚å¿µå’Œåˆ†ç±» Fundamental concepts \&
You may provide a definition with
\DeclareUnicodeCharacter 


d:/Files/Sunrt_Notes/o.tex:1: LaTeX Error: Unicode character åŸº (U+57FA)
               not set up for use with LaTeX.

See the LaTeX manual or LaTeX Companion for explanation.
Type  H <return>  for immediate help.
 ...                                              
                                                  
l.1 \section{éšæœºè¿‡ç¨‹çš„åŸº
                               æœ¬æ¦‚å¿µå’Œåˆ†ç±» Fundamental concepts \&
You may provide a definition with
\DeclareUnicodeCharacter 


d:/Files/Sunrt_Notes/o.tex:1: LaTeX Error: Unicode character æœ¬ (U+672C)
               not set up for use with LaTeX.

See the LaTeX manual or LaTeX Companion for explanation.
Type  H <return>  for immediate help.
 ...                                              
                                                  
l.1 \section{éšæœºè¿‡ç¨‹çš„åŸºæœ¬
                                  æ¦‚å¿µå’Œåˆ†ç±» Fundamental concepts \&
You may provide a definition with
\DeclareUnicodeCharacter 


d:/Files/Sunrt_Notes/o.tex:1: LaTeX Error: Unicode character æ¦‚ (U+6982)
               not set up for use with LaTeX.

See the LaTeX manual or LaTeX Companion for explanation.
Type  H <return>  for immediate help.
 ...                                              
                                                  
l.1 \section{éšæœºè¿‡ç¨‹çš„åŸºæœ¬æ¦‚
                                     å¿µå’Œåˆ†ç±» Fundamental concepts \&
You may provide a definition with
\DeclareUnicodeCharacter 


d:/Files/Sunrt_Notes/o.tex:1: LaTeX Error: Unicode character å¿µ (U+5FF5)
               not set up for use with LaTeX.

See the LaTeX manual or LaTeX Companion for explanation.
Type  H <return>  for immediate help.
 ...                                              
                                                  
l.1 \section{éšæœºè¿‡ç¨‹çš„åŸºæœ¬æ¦‚å¿µ
                                        å’Œåˆ†ç±» Fundamental concepts \&
You may provide a definition with
\DeclareUnicodeCharacter 


d:/Files/Sunrt_Notes/o.tex:1: LaTeX Error: Unicode character å’Œ (U+548C)
               not set up for use with LaTeX.

See the LaTeX manual or LaTeX Companion for explanation.
Type  H <return>  for immediate help.
 ...                                              
                                                  
l.1 \section{éšæœºè¿‡ç¨‹çš„åŸºæœ¬æ¦‚å¿µå’Œ
                                           åˆ†ç±» Fundamental concepts \&
You may provide a definition with
\DeclareUnicodeCharacter 


d:/Files/Sunrt_Notes/o.tex:1: LaTeX Error: Unicode character åˆ† (U+5206)
               not set up for use with LaTeX.

See the LaTeX manual or LaTeX Companion for explanation.
Type  H <return>  for immediate help.
 ...                                              
                                                  
l.1 \section{éšæœºè¿‡ç¨‹çš„åŸºæœ¬æ¦‚å¿µå’Œåˆ†
                                              ç±» Fundamental concepts \&
You may provide a definition with
\DeclareUnicodeCharacter 


d:/Files/Sunrt_Notes/o.tex:1: LaTeX Error: Unicode character ç±» (U+7C7B)
               not set up for use with LaTeX.

See the LaTeX manual or LaTeX Companion for explanation.
Type  H <return>  for immediate help.
 ...                                              
                                                  
l.1 \section{éšæœºè¿‡ç¨‹çš„åŸºæœ¬æ¦‚å¿µå’Œåˆ†ç±»
                                                  Fundamental concepts \&
You may provide a definition with
\DeclareUnicodeCharacter 


d:/Files/Sunrt_Notes/o.tex:1: LaTeX Error: Missing \begin{document}.

See the LaTeX manual or LaTeX Companion for explanation.
Type  H <return>  for immediate help.
 ...                                              
                                                  
l.1 ...tion{éšæœºè¿‡ç¨‹çš„åŸºæœ¬æ¦‚å¿µå’Œåˆ†ç±» F
                                                  undamental concepts \&
You're in trouble here.  Try typing  <return>  to proceed.
If that doesn't work, type  X <return>  to quit.

Missing character: There is no F in font nullfont!
Missing character: There is no u in font nullfont!
Missing character: There is no n in font nullfont!
Missing character: There is no d in font nullfont!
Missing character: There is no a in font nullfont!
Missing character: There is no m in font nullfont!
Missing character: There is no e in font nullfont!
Missing character: There is no n in font nullfont!
Missing character: There is no t in font nullfont!
Missing character: There is no a in font nullfont!
Missing character: There is no l in font nullfont!
Missing character: There is no c in font nullfont!
Missing character: There is no o in font nullfont!
Missing character: There is no n in font nullfont!
Missing character: There is no c in font nullfont!
Missing character: There is no e in font nullfont!
Missing character: There is no p in font nullfont!
Missing character: There is no t in font nullfont!
Missing character: There is no s in font nullfont!
Missing character: There is no & in font nullfont!
Missing character: There is no c in font nullfont!
Missing character: There is no l in font nullfont!
Missing character: There is no a in font nullfont!
Missing character: There is no s in font nullfont!
Missing character: There is no s in font nullfont!
Missing character: There is no i in font nullfont!
Missing character: There is no f in font nullfont!
Missing character: There is no i in font nullfont!
Missing character: There is no c in font nullfont!
Missing character: There is no a in font nullfont!
Missing character: There is no t in font nullfont!
Missing character: There is no i in font nullfont!
Missing character: There is no o in font nullfont!
Missing character: There is no n in font nullfont!

Overfull \hbox (20.0pt too wide) in paragraph at lines 1--3
[]
 []


d:/Files/Sunrt_Notes/o.tex:4: LaTeX Error: Missing \begin{document}.

See the LaTeX manual or LaTeX Companion for explanation.
Type  H <return>  for immediate help.
 ...                                              
                                                  
l.4 \(
      \newcommand{\bs}[1]{\boldsymbol{#1}}\)
You're in trouble here.  Try typing  <return>  to proceed.
If that doesn't work, type  X <return>  to quit.

LaTeX Font Info:    External font `cmex10' loaded for size
(Font)              <7> on input line 4.
LaTeX Font Info:    External font `cmex10' loaded for size
(Font)              <5> on input line 4.

Overfull \hbox (20.0pt too wide) in paragraph at lines 4--5
[]$$ 
 []

d:/Files/Sunrt_Notes/o.tex:6: Undefined control sequence.
l.6 \subsection
               {éšæœºè¿‡ç¨‹ç®€ä»‹}\label{ux968fux673aux8fc7ux7a0bux7b80ux4ecb}
The control sequence at the end of the top line
of your error message was never \def'ed. If you have
misspelled it (e.g., `\hobx'), type `I' and the correct
spelling (e.g., `I\hbox'). Otherwise just continue,
and I'll forget about whatever was undefined.


d:/Files/Sunrt_Notes/o.tex:6: LaTeX Error: Unicode character éš (U+968F)
               not set up for use with LaTeX.

See the LaTeX manual or LaTeX Companion for explanation.
Type  H <return>  for immediate help.
 ...                                              
                                                  
l.6 \subsection{éš
                   æœºè¿‡ç¨‹ç®€ä»‹}\label{ux968fux673aux8fc7ux7a0bux7b80ux4ecb}
You may provide a definition with
\DeclareUnicodeCharacter 


d:/Files/Sunrt_Notes/o.tex:6: LaTeX Error: Unicode character æœº (U+673A)
               not set up for use with LaTeX.

See the LaTeX manual or LaTeX Companion for explanation.
Type  H <return>  for immediate help.
 ...                                              
                                                  
l.6 \subsection{éšæœº
                      è¿‡ç¨‹ç®€ä»‹}\label{ux968fux673aux8fc7ux7a0bux7b80ux4ecb}
You may provide a definition with
\DeclareUnicodeCharacter 


d:/Files/Sunrt_Notes/o.tex:6: LaTeX Error: Unicode character è¿‡ (U+8FC7)
               not set up for use with LaTeX.

See the LaTeX manual or LaTeX Companion for explanation.
Type  H <return>  for immediate help.
 ...                                              
                                                  
l.6 \subsection{éšæœºè¿‡
                         ç¨‹ç®€ä»‹}\label{ux968fux673aux8fc7ux7a0bux7b80ux4ecb}
You may provide a definition with
\DeclareUnicodeCharacter 


d:/Files/Sunrt_Notes/o.tex:6: LaTeX Error: Unicode character ç¨‹ (U+7A0B)
               not set up for use with LaTeX.

See the LaTeX manual or LaTeX Companion for explanation.
Type  H <return>  for immediate help.
 ...                                              
                                                  
l.6 \subsection{éšæœºè¿‡ç¨‹
                            ç®€ä»‹}\label{ux968fux673aux8fc7ux7a0bux7b80ux4ecb}
You may provide a definition with
\DeclareUnicodeCharacter 


d:/Files/Sunrt_Notes/o.tex:6: LaTeX Error: Unicode character ç®€ (U+7B80)
               not set up for use with LaTeX.

See the LaTeX manual or LaTeX Companion for explanation.
Type  H <return>  for immediate help.
 ...                                              
                                                  
l.6 \subsection{éšæœºè¿‡ç¨‹ç®€
                               ä»‹}\label{ux968fux673aux8fc7ux7a0bux7b80ux4ecb}
You may provide a definition with
\DeclareUnicodeCharacter 


d:/Files/Sunrt_Notes/o.tex:6: LaTeX Error: Unicode character ä»‹ (U+4ECB)
               not set up for use with LaTeX.

See the LaTeX manual or LaTeX Companion for explanation.
Type  H <return>  for immediate help.
 ...                                              
                                                  
l.6 \subsection{éšæœºè¿‡ç¨‹ç®€ä»‹
                                  }\label{ux968fux673aux8fc7ux7a0bux7b80ux4ecb}
You may provide a definition with
\DeclareUnicodeCharacter 


d:/Files/Sunrt_Notes/o.tex:8: LaTeX Error: Unicode character åœ¨ (U+5728)
               not set up for use with LaTeX.

See the LaTeX manual or LaTeX Companion for explanation.
Type  H <return>  for immediate help.
 ...                                              
                                                  
l.8 åœ¨
       æ¦‚ç‡è®ºä¸­ï¼Œæˆ‘ä»¬å¯¹å•ä¸ª\textbf{éšæœºå˜é‡}ï¼ˆrandom variables,
You may provide a definition with
\DeclareUnicodeCharacter 


d:/Files/Sunrt_Notes/o.tex:8: LaTeX Error: Unicode character æ¦‚ (U+6982)
               not set up for use with LaTeX.

See the LaTeX manual or LaTeX Companion for explanation.
Type  H <return>  for immediate help.
 ...                                              
                                                  
l.8 åœ¨æ¦‚
          ç‡è®ºä¸­ï¼Œæˆ‘ä»¬å¯¹å•ä¸ª\textbf{éšæœºå˜é‡}ï¼ˆrandom variables,
You may provide a definition with
\DeclareUnicodeCharacter 


d:/Files/Sunrt_Notes/o.tex:8: LaTeX Error: Unicode character ç‡ (U+7387)
               not set up for use with LaTeX.

See the LaTeX manual or LaTeX Companion for explanation.
Type  H <return>  for immediate help.
 ...                                              
                                                  
l.8 åœ¨æ¦‚ç‡
             è®ºä¸­ï¼Œæˆ‘ä»¬å¯¹å•ä¸ª\textbf{éšæœºå˜é‡}ï¼ˆrandom variables,
You may provide a definition with
\DeclareUnicodeCharacter 


d:/Files/Sunrt_Notes/o.tex:8: LaTeX Error: Unicode character è®º (U+8BBA)
               not set up for use with LaTeX.

See the LaTeX manual or LaTeX Companion for explanation.
Type  H <return>  for immediate help.
 ...                                              
                                                  
l.8 åœ¨æ¦‚ç‡è®º
                ä¸­ï¼Œæˆ‘ä»¬å¯¹å•ä¸ª\textbf{éšæœºå˜é‡}ï¼ˆrandom variables,
You may provide a definition with
\DeclareUnicodeCharacter 


d:/Files/Sunrt_Notes/o.tex:8: LaTeX Error: Unicode character ä¸­ (U+4E2D)
               not set up for use with LaTeX.

See the LaTeX manual or LaTeX Companion for explanation.
Type  H <return>  for immediate help.
 ...                                              
                                                  
l.8 åœ¨æ¦‚ç‡è®ºä¸­
                   ï¼Œæˆ‘ä»¬å¯¹å•ä¸ª\textbf{éšæœºå˜é‡}ï¼ˆrandom variables,
You may provide a definition with
\DeclareUnicodeCharacter 


d:/Files/Sunrt_Notes/o.tex:8: LaTeX Error: Unicode character ï¼Œ (U+FF0C)
               not set up for use with LaTeX.

See the LaTeX manual or LaTeX Companion for explanation.
Type  H <return>  for immediate help.
 ...                                              
                                                  
l.8 åœ¨æ¦‚ç‡è®ºä¸­ï¼Œ
                      æˆ‘ä»¬å¯¹å•ä¸ª\textbf{éšæœºå˜é‡}ï¼ˆrandom variables,
You may provide a definition with
\DeclareUnicodeCharacter 


d:/Files/Sunrt_Notes/o.tex:8: LaTeX Error: Unicode character æˆ‘ (U+6211)
               not set up for use with LaTeX.

See the LaTeX manual or LaTeX Companion for explanation.
Type  H <return>  for immediate help.
 ...                                              
                                                  
l.8 åœ¨æ¦‚ç‡è®ºä¸­ï¼Œæˆ‘
                         ä»¬å¯¹å•ä¸ª\textbf{éšæœºå˜é‡}ï¼ˆrandom variables,
You may provide a definition with
\DeclareUnicodeCharacter 


d:/Files/Sunrt_Notes/o.tex:8: LaTeX Error: Unicode character ä»¬ (U+4EEC)
               not set up for use with LaTeX.

See the LaTeX manual or LaTeX Companion for explanation.
Type  H <return>  for immediate help.
 ...                                              
                                                  
l.8 åœ¨æ¦‚ç‡è®ºä¸­ï¼Œæˆ‘ä»¬
                            å¯¹å•ä¸ª\textbf{éšæœºå˜é‡}ï¼ˆrandom variables,
You may provide a definition with
\DeclareUnicodeCharacter 


d:/Files/Sunrt_Notes/o.tex:8: LaTeX Error: Unicode character å¯¹ (U+5BF9)
               not set up for use with LaTeX.

See the LaTeX manual or LaTeX Companion for explanation.
Type  H <return>  for immediate help.
 ...                                              
                                                  
l.8 åœ¨æ¦‚ç‡è®ºä¸­ï¼Œæˆ‘ä»¬å¯¹
                               å•ä¸ª\textbf{éšæœºå˜é‡}ï¼ˆrandom variables,
You may provide a definition with
\DeclareUnicodeCharacter 


d:/Files/Sunrt_Notes/o.tex:8: LaTeX Error: Unicode character å• (U+5355)
               not set up for use with LaTeX.

See the LaTeX manual or LaTeX Companion for explanation.
Type  H <return>  for immediate help.
 ...                                              
                                                  
l.8 åœ¨æ¦‚ç‡è®ºä¸­ï¼Œæˆ‘ä»¬å¯¹å•
                                  ä¸ª\textbf{éšæœºå˜é‡}ï¼ˆrandom variables,
You may provide a definition with
\DeclareUnicodeCharacter 


d:/Files/Sunrt_Notes/o.tex:8: LaTeX Error: Unicode character ä¸ª (U+4E2A)
               not set up for use with LaTeX.

See the LaTeX manual or LaTeX Companion for explanation.
Type  H <return>  for immediate help.
 ...                                              
                                                  
l.8 åœ¨æ¦‚ç‡è®ºä¸­ï¼Œæˆ‘ä»¬å¯¹å•ä¸ª
                                     \textbf{éšæœºå˜é‡}ï¼ˆrandom variables,
You may provide a definition with
\DeclareUnicodeCharacter 


d:/Files/Sunrt_Notes/o.tex:8: LaTeX Error: Missing \begin{document}.

See the LaTeX manual or LaTeX Companion for explanation.
Type  H <return>  for immediate help.
 ...                                              
                                                  
l.8 ...ºä¸­ï¼Œæˆ‘ä»¬å¯¹å•ä¸ª\textbf{éšæœºå˜é‡}
                                                  ï¼ˆrandom variables,
You're in trouble here.  Try typing  <return>  to proceed.
If that doesn't work, type  X <return>  to quit.


d:/Files/Sunrt_Notes/o.tex:8: LaTeX Error: Unicode character éš (U+968F)
               not set up for use with LaTeX.

See the LaTeX manual or LaTeX Companion for explanation.
Type  H <return>  for immediate help.
 ...                                              
                                                  
l.8 ...ºä¸­ï¼Œæˆ‘ä»¬å¯¹å•ä¸ª\textbf{éšæœºå˜é‡}
                                                  ï¼ˆrandom variables,
You may provide a definition with
\DeclareUnicodeCharacter 


d:/Files/Sunrt_Notes/o.tex:8: LaTeX Error: Unicode character æœº (U+673A)
               not set up for use with LaTeX.

See the LaTeX manual or LaTeX Companion for explanation.
Type  H <return>  for immediate help.
 ...                                              
                                                  
l.8 ...ºä¸­ï¼Œæˆ‘ä»¬å¯¹å•ä¸ª\textbf{éšæœºå˜é‡}
                                                  ï¼ˆrandom variables,
You may provide a definition with
\DeclareUnicodeCharacter 


d:/Files/Sunrt_Notes/o.tex:8: LaTeX Error: Unicode character å˜ (U+53D8)
               not set up for use with LaTeX.

See the LaTeX manual or LaTeX Companion for explanation.
Type  H <return>  for immediate help.
 ...                                              
                                                  
l.8 ...ºä¸­ï¼Œæˆ‘ä»¬å¯¹å•ä¸ª\textbf{éšæœºå˜é‡}
                                                  ï¼ˆrandom variables,
You may provide a definition with
\DeclareUnicodeCharacter 


d:/Files/Sunrt_Notes/o.tex:8: LaTeX Error: Unicode character é‡ (U+91CF)
               not set up for use with LaTeX.

See the LaTeX manual or LaTeX Companion for explanation.
Type  H <return>  for immediate help.
 ...                                              
                                                  
l.8 ...ºä¸­ï¼Œæˆ‘ä»¬å¯¹å•ä¸ª\textbf{éšæœºå˜é‡}
                                                  ï¼ˆrandom variables,
You may provide a definition with
\DeclareUnicodeCharacter 


d:/Files/Sunrt_Notes/o.tex:8: LaTeX Error: Unicode character ï¼ˆ (U+FF08)
               not set up for use with LaTeX.

See the LaTeX manual or LaTeX Companion for explanation.
Type  H <return>  for immediate help.
 ...                                              
                                                  
l.8 ...­ï¼Œæˆ‘ä»¬å¯¹å•ä¸ª\textbf{éšæœºå˜é‡}ï¼ˆ
                                                  random variables,
You may provide a definition with
\DeclareUnicodeCharacter 

Missing character: There is no r in font nullfont!
Missing character: There is no a in font nullfont!
Missing character: There is no n in font nullfont!
Missing character: There is no d in font nullfont!
Missing character: There is no o in font nullfont!
Missing character: There is no m in font nullfont!
Missing character: There is no v in font nullfont!
Missing character: There is no a in font nullfont!
Missing character: There is no r in font nullfont!
Missing character: There is no i in font nullfont!
Missing character: There is no a in font nullfont!
Missing character: There is no b in font nullfont!
Missing character: There is no l in font nullfont!
Missing character: There is no e in font nullfont!
Missing character: There is no s in font nullfont!
Missing character: There is no , in font nullfont!
Missing character: There is no r in font nullfont!
Missing character: There is no . in font nullfont!
Missing character: There is no v in font nullfont!
Missing character: There is no . in font nullfont!

d:/Files/Sunrt_Notes/o.tex:9: LaTeX Error: Unicode character ï¼‰ (U+FF09)
               not set up for use with LaTeX.

See the LaTeX manual or LaTeX Companion for explanation.
Type  H <return>  for immediate help.
 ...                                              
                                                  
l.9 r.v.ï¼‰
           è¿›è¡Œäº†ç ”ç©¶ã€‚è¿›ä¸€æ­¥åœ°ï¼Œç”±å‚æ•°\(t\)ä½œä¸º``ç´¢å¼•''çš...
You may provide a definition with
\DeclareUnicodeCharacter 


d:/Files/Sunrt_Notes/o.tex:9: LaTeX Error: Unicode character è¿› (U+8FDB)
               not set up for use with LaTeX.

See the LaTeX manual or LaTeX Companion for explanation.
Type  H <return>  for immediate help.
 ...                                              
                                                  
l.9 r.v.ï¼‰è¿›
              è¡Œäº†ç ”ç©¶ã€‚è¿›ä¸€æ­¥åœ°ï¼Œç”±å‚æ•°\(t\)ä½œä¸º``ç´¢å¼•''çš...
You may provide a definition with
\DeclareUnicodeCharacter 


d:/Files/Sunrt_Notes/o.tex:9: LaTeX Error: Unicode character è¡Œ (U+884C)
               not set up for use with LaTeX.

See the LaTeX manual or LaTeX Companion for explanation.
Type  H <return>  for immediate help.
 ...                                              
                                                  
l.9 r.v.ï¼‰è¿›è¡Œ
                 äº†ç ”ç©¶ã€‚è¿›ä¸€æ­¥åœ°ï¼Œç”±å‚æ•°\(t\)ä½œä¸º``ç´¢å¼•''çš...
You may provide a definition with
\DeclareUnicodeCharacter 


d:/Files/Sunrt_Notes/o.tex:9: LaTeX Error: Unicode character äº† (U+4E86)
               not set up for use with LaTeX.

See the LaTeX manual or LaTeX Companion for explanation.
Type  H <return>  for immediate help.
 ...                                              
                                                  
l.9 r.v.ï¼‰è¿›è¡Œäº†
                    ç ”ç©¶ã€‚è¿›ä¸€æ­¥åœ°ï¼Œç”±å‚æ•°\(t\)ä½œä¸º``ç´¢å¼•''çš...
You may provide a definition with
\DeclareUnicodeCharacter 


d:/Files/Sunrt_Notes/o.tex:9: LaTeX Error: Unicode character ç ” (U+7814)
               not set up for use with LaTeX.

See the LaTeX manual or LaTeX Companion for explanation.
Type  H <return>  for immediate help.
 ...                                              
                                                  
l.9 r.v.ï¼‰è¿›è¡Œäº†ç ”
                       ç©¶ã€‚è¿›ä¸€æ­¥åœ°ï¼Œç”±å‚æ•°\(t\)ä½œä¸º``ç´¢å¼•''çš...
You may provide a definition with
\DeclareUnicodeCharacter 


d:/Files/Sunrt_Notes/o.tex:9: LaTeX Error: Unicode character ç©¶ (U+7A76)
               not set up for use with LaTeX.

See the LaTeX manual or LaTeX Companion for explanation.
Type  H <return>  for immediate help.
 ...                                              
                                                  
l.9 r.v.ï¼‰è¿›è¡Œäº†ç ”ç©¶
                          ã€‚è¿›ä¸€æ­¥åœ°ï¼Œç”±å‚æ•°\(t\)ä½œä¸º``ç´¢å¼•''çš...
You may provide a definition with
\DeclareUnicodeCharacter 


d:/Files/Sunrt_Notes/o.tex:9: LaTeX Error: Unicode character ã€‚ (U+3002)
               not set up for use with LaTeX.

See the LaTeX manual or LaTeX Companion for explanation.
Type  H <return>  for immediate help.
 ...                                              
                                                  
l.9 r.v.ï¼‰è¿›è¡Œäº†ç ”ç©¶ã€‚
                             è¿›ä¸€æ­¥åœ°ï¼Œç”±å‚æ•°\(t\)ä½œä¸º``ç´¢å¼•''çš...
You may provide a definition with
\DeclareUnicodeCharacter 


d:/Files/Sunrt_Notes/o.tex:9: LaTeX Error: Unicode character è¿› (U+8FDB)
               not set up for use with LaTeX.

See the LaTeX manual or LaTeX Companion for explanation.
Type  H <return>  for immediate help.
 ...                                              
                                                  
l.9 r.v.ï¼‰è¿›è¡Œäº†ç ”ç©¶ã€‚è¿›
                                ä¸€æ­¥åœ°ï¼Œç”±å‚æ•°\(t\)ä½œä¸º``ç´¢å¼•''çš...
You may provide a definition with
\DeclareUnicodeCharacter 


d:/Files/Sunrt_Notes/o.tex:9: LaTeX Error: Unicode character ä¸€ (U+4E00)
               not set up for use with LaTeX.

See the LaTeX manual or LaTeX Companion for explanation.
Type  H <return>  for immediate help.
 ...                                              
                                                  
l.9 r.v.ï¼‰è¿›è¡Œäº†ç ”ç©¶ã€‚è¿›ä¸€
                                   æ­¥åœ°ï¼Œç”±å‚æ•°\(t\)ä½œä¸º``ç´¢å¼•''çš...
You may provide a definition with
\DeclareUnicodeCharacter 


d:/Files/Sunrt_Notes/o.tex:9: LaTeX Error: Unicode character æ­¥ (U+6B65)
               not set up for use with LaTeX.

See the LaTeX manual or LaTeX Companion for explanation.
Type  H <return>  for immediate help.
 ...                                              
                                                  
l.9 r.v.ï¼‰è¿›è¡Œäº†ç ”ç©¶ã€‚è¿›ä¸€æ­¥
                                      åœ°ï¼Œç”±å‚æ•°\(t\)ä½œä¸º``ç´¢å¼•''çš...
You may provide a definition with
\DeclareUnicodeCharacter 


d:/Files/Sunrt_Notes/o.tex:9: LaTeX Error: Unicode character åœ° (U+5730)
               not set up for use with LaTeX.

See the LaTeX manual or LaTeX Companion for explanation.
Type  H <return>  for immediate help.
 ...                                              
                                                  
l.9 r.v.ï¼‰è¿›è¡Œäº†ç ”ç©¶ã€‚è¿›ä¸€æ­¥åœ°
                                         ï¼Œç”±å‚æ•°\(t\)ä½œä¸º``ç´¢å¼•''çš...
You may provide a definition with
\DeclareUnicodeCharacter 


d:/Files/Sunrt_Notes/o.tex:9: LaTeX Error: Unicode character ï¼Œ (U+FF0C)
               not set up for use with LaTeX.

See the LaTeX manual or LaTeX Companion for explanation.
Type  H <return>  for immediate help.
 ...                                              
                                                  
l.9 r.v.ï¼‰è¿›è¡Œäº†ç ”ç©¶ã€‚è¿›ä¸€æ­¥åœ°ï¼Œ
                                            ç”±å‚æ•°\(t\)ä½œä¸º``ç´¢å¼•''çš...
You may provide a definition with
\DeclareUnicodeCharacter 


d:/Files/Sunrt_Notes/o.tex:9: LaTeX Error: Unicode character ç”± (U+7531)
               not set up for use with LaTeX.

See the LaTeX manual or LaTeX Companion for explanation.
Type  H <return>  for immediate help.
 ...                                              
                                                  
l.9 r.v.ï¼‰è¿›è¡Œäº†ç ”ç©¶ã€‚è¿›ä¸€æ­¥åœ°ï¼Œç”±
                                               å‚æ•°\(t\)ä½œä¸º``ç´¢å¼•''çš...
You may provide a definition with
\DeclareUnicodeCharacter 


d:/Files/Sunrt_Notes/o.tex:9: LaTeX Error: Unicode character å‚ (U+53C2)
               not set up for use with LaTeX.

See the LaTeX manual or LaTeX Companion for explanation.
Type  H <return>  for immediate help.
 ...                                              
                                                  
l.9 r.v.ï¼‰è¿›è¡Œäº†ç ”ç©¶ã€‚è¿›ä¸€æ­¥åœ°ï¼Œç”±å‚
                                                  æ•°\(t\)ä½œä¸º``ç´¢å¼•''çš...
You may provide a definition with
\DeclareUnicodeCharacter 


d:/Files/Sunrt_Notes/o.tex:9: LaTeX Error: Unicode character æ•° (U+6570)
               not set up for use with LaTeX.

See the LaTeX manual or LaTeX Companion for explanation.
Type  H <return>  for immediate help.
 ...                                              
                                                  
l.9 ...‰è¿›è¡Œäº†ç ”ç©¶ã€‚è¿›ä¸€æ­¥åœ°ï¼Œç”±å‚æ•°
                                                  \(t\)ä½œä¸º``ç´¢å¼•''çš„ä¸...
You may provide a definition with
\DeclareUnicodeCharacter 


d:/Files/Sunrt_Notes/o.tex:9: LaTeX Error: Unicode character ä½œ (U+4F5C)
               not set up for use with LaTeX.

See the LaTeX manual or LaTeX Companion for explanation.
Type  H <return>  for immediate help.
 ...                                              
                                                  
l.9 ...º†ç ”ç©¶ã€‚è¿›ä¸€æ­¥åœ°ï¼Œç”±å‚æ•°\(t\)ä½œ
                                                  ä¸º``ç´¢å¼•''çš„ä¸€ç»„éšæ...
You may provide a definition with
\DeclareUnicodeCharacter 


d:/Files/Sunrt_Notes/o.tex:9: LaTeX Error: Unicode character ä¸º (U+4E3A)
               not set up for use with LaTeX.

See the LaTeX manual or LaTeX Companion for explanation.
Type  H <return>  for immediate help.
 ...                                              
                                                  
l.9 ... ”ç©¶ã€‚è¿›ä¸€æ­¥åœ°ï¼Œç”±å‚æ•°\(t\)ä½œä¸º
                                                  ``ç´¢å¼•''çš„ä¸€ç»„éšæœºå...
You may provide a definition with
\DeclareUnicodeCharacter 

Missing character: There is no ` in font nullfont!
Missing character: There is no ` in font nullfont!

d:/Files/Sunrt_Notes/o.tex:9: LaTeX Error: Unicode character ç´¢ (U+7D22)
               not set up for use with LaTeX.

See the LaTeX manual or LaTeX Companion for explanation.
Type  H <return>  for immediate help.
 ...                                              
                                                  
l.9 ...ã€‚è¿›ä¸€æ­¥åœ°ï¼Œç”±å‚æ•°\(t\)ä½œä¸º``ç´¢
                                                  å¼•''çš„ä¸€ç»„éšæœºå˜é‡...
You may provide a definition with
\DeclareUnicodeCharacter 


d:/Files/Sunrt_Notes/o.tex:9: LaTeX Error: Unicode character å¼• (U+5F15)
               not set up for use with LaTeX.

See the LaTeX manual or LaTeX Companion for explanation.
Type  H <return>  for immediate help.
 ...                                              
                                                  
l.9 ...è¿›ä¸€æ­¥åœ°ï¼Œç”±å‚æ•°\(t\)ä½œä¸º``ç´¢å¼•
                                                  ''çš„ä¸€ç»„éšæœºå˜é‡åˆ™...
You may provide a definition with
\DeclareUnicodeCharacter 

Missing character: There is no ' in font nullfont!
Missing character: There is no ' in font nullfont!

d:/Files/Sunrt_Notes/o.tex:9: LaTeX Error: Unicode character çš„ (U+7684)
               not set up for use with LaTeX.

See the LaTeX manual or LaTeX Companion for explanation.
Type  H <return>  for immediate help.
 ...                                              
                                                  
l.9 ...€æ­¥åœ°ï¼Œç”±å‚æ•°\(t\)ä½œä¸º``ç´¢å¼•''çš„
                                                  ä¸€ç»„éšæœºå˜é‡åˆ™ç§°ä¸...
You may provide a definition with
\DeclareUnicodeCharacter 


d:/Files/Sunrt_Notes/o.tex:9: LaTeX Error: Unicode character ä¸€ (U+4E00)
               not set up for use with LaTeX.

See the LaTeX manual or LaTeX Companion for explanation.
Type  H <return>  for immediate help.
 ...                                              
                                                  
l.9 ...¥åœ°ï¼Œç”±å‚æ•°\(t\)ä½œä¸º``ç´¢å¼•''çš„ä¸€
                                                  ç»„éšæœºå˜é‡åˆ™ç§°ä¸º\t...
You may provide a definition with
\DeclareUnicodeCharacter 


d:/Files/Sunrt_Notes/o.tex:9: LaTeX Error: Unicode character ç»„ (U+7EC4)
               not set up for use with LaTeX.

See the LaTeX manual or LaTeX Companion for explanation.
Type  H <return>  for immediate help.
 ...                                              
                                                  
l.9 ...°ï¼Œç”±å‚æ•°\(t\)ä½œä¸º``ç´¢å¼•''çš„ä¸€ç»„
                                                  éšæœºå˜é‡åˆ™ç§°ä¸º\text...
You may provide a definition with
\DeclareUnicodeCharacter 


d:/Files/Sunrt_Notes/o.tex:9: LaTeX Error: Unicode character éš (U+968F)
               not set up for use with LaTeX.

See the LaTeX manual or LaTeX Companion for explanation.
Type  H <return>  for immediate help.
 ...                                              
                                                  
l.9 ...Œç”±å‚æ•°\(t\)ä½œä¸º``ç´¢å¼•''çš„ä¸€ç»„éš
                                                  æœºå˜é‡åˆ™ç§°ä¸º\textbf{...
You may provide a definition with
\DeclareUnicodeCharacter 


d:/Files/Sunrt_Notes/o.tex:9: LaTeX Error: Unicode character æœº (U+673A)
               not set up for use with LaTeX.

See the LaTeX manual or LaTeX Companion for explanation.
Type  H <return>  for immediate help.
 ...                                              
                                                  
l.9 ...±å‚æ•°\(t\)ä½œä¸º``ç´¢å¼•''çš„ä¸€ç»„éšæœº
                                                  å˜é‡åˆ™ç§°ä¸º\textbf{éš...
You may provide a definition with
\DeclareUnicodeCharacter 


d:/Files/Sunrt_Notes/o.tex:9: LaTeX Error: Unicode character å˜ (U+53D8)
               not set up for use with LaTeX.

See the LaTeX manual or LaTeX Companion for explanation.
Type  H <return>  for immediate help.
 ...                                              
                                                  
l.9 ...‚æ•°\(t\)ä½œä¸º``ç´¢å¼•''çš„ä¸€ç»„éšæœºå˜
                                                  é‡åˆ™ç§°ä¸º\textbf{éšæœº...
You may provide a definition with
\DeclareUnicodeCharacter 


d:/Files/Sunrt_Notes/o.tex:9: LaTeX Error: Unicode character é‡ (U+91CF)
               not set up for use with LaTeX.

See the LaTeX manual or LaTeX Companion for explanation.
Type  H <return>  for immediate help.
 ...                                              
                                                  
l.9 ...°\(t\)ä½œä¸º``ç´¢å¼•''çš„ä¸€ç»„éšæœºå˜é‡
                                                  åˆ™ç§°ä¸º\textbf{éšæœºè¿‡...
You may provide a definition with
\DeclareUnicodeCharacter 


d:/Files/Sunrt_Notes/o.tex:9: LaTeX Error: Unicode character åˆ™ (U+5219)
               not set up for use with LaTeX.

See the LaTeX manual or LaTeX Companion for explanation.
Type  H <return>  for immediate help.
 ...                                              
                                                  
l.9 ...t\)ä½œä¸º``ç´¢å¼•''çš„ä¸€ç»„éšæœºå˜é‡åˆ™
                                                  ç§°ä¸º\textbf{éšæœºè¿‡ç¨‹...
You may provide a definition with
\DeclareUnicodeCharacter 


d:/Files/Sunrt_Notes/o.tex:9: LaTeX Error: Unicode character ç§° (U+79F0)
               not set up for use with LaTeX.

See the LaTeX manual or LaTeX Companion for explanation.
Type  H <return>  for immediate help.
 ...                                              
                                                  
l.9 ...ä½œä¸º``ç´¢å¼•''çš„ä¸€ç»„éšæœºå˜é‡åˆ™ç§°
                                                  ä¸º\textbf{éšæœºè¿‡ç¨‹}ï¼...
You may provide a definition with
\DeclareUnicodeCharacter 


d:/Files/Sunrt_Notes/o.tex:9: LaTeX Error: Unicode character ä¸º (U+4E3A)
               not set up for use with LaTeX.

See the LaTeX manual or LaTeX Companion for explanation.
Type  H <return>  for immediate help.
 ...                                              
                                                  
l.9 ...ä¸º``ç´¢å¼•''çš„ä¸€ç»„éšæœºå˜é‡åˆ™ç§°ä¸º
                                                  \textbf{éšæœºè¿‡ç¨‹}ï¼ˆst...
You may provide a definition with
\DeclareUnicodeCharacter 


d:/Files/Sunrt_Notes/o.tex:9: LaTeX Error: Unicode character éš (U+968F)
               not set up for use with LaTeX.

See the LaTeX manual or LaTeX Companion for explanation.
Type  H <return>  for immediate help.
 ...                                              
                                                  
l.9 ...„éšæœºå˜é‡åˆ™ç§°ä¸º\textbf{éšæœºè¿‡ç¨‹}
                                                  ï¼ˆstochastic
You may provide a definition with
\DeclareUnicodeCharacter 


d:/Files/Sunrt_Notes/o.tex:9: LaTeX Error: Unicode character æœº (U+673A)
               not set up for use with LaTeX.

See the LaTeX manual or LaTeX Companion for explanation.
Type  H <return>  for immediate help.
 ...                                              
                                                  
l.9 ...„éšæœºå˜é‡åˆ™ç§°ä¸º\textbf{éšæœºè¿‡ç¨‹}
                                                  ï¼ˆstochastic
You may provide a definition with
\DeclareUnicodeCharacter 


d:/Files/Sunrt_Notes/o.tex:9: LaTeX Error: Unicode character è¿‡ (U+8FC7)
               not set up for use with LaTeX.

See the LaTeX manual or LaTeX Companion for explanation.
Type  H <return>  for immediate help.
 ...                                              
                                                  
l.9 ...„éšæœºå˜é‡åˆ™ç§°ä¸º\textbf{éšæœºè¿‡ç¨‹}
                                                  ï¼ˆstochastic
You may provide a definition with
\DeclareUnicodeCharacter 


d:/Files/Sunrt_Notes/o.tex:9: LaTeX Error: Unicode character ç¨‹ (U+7A0B)
               not set up for use with LaTeX.

See the LaTeX manual or LaTeX Companion for explanation.
Type  H <return>  for immediate help.
 ...                                              
                                                  
l.9 ...„éšæœºå˜é‡åˆ™ç§°ä¸º\textbf{éšæœºè¿‡ç¨‹}
                                                  ï¼ˆstochastic
You may provide a definition with
\DeclareUnicodeCharacter 


d:/Files/Sunrt_Notes/o.tex:9: LaTeX Error: Unicode character ï¼ˆ (U+FF08)
               not set up for use with LaTeX.

See the LaTeX manual or LaTeX Companion for explanation.
Type  H <return>  for immediate help.
 ...                                              
                                                  
l.9 ...æœºå˜é‡åˆ™ç§°ä¸º\textbf{éšæœºè¿‡ç¨‹}ï¼ˆ
                                                  stochastic
You may provide a definition with
\DeclareUnicodeCharacter 

Missing character: There is no s in font nullfont!
Missing character: There is no t in font nullfont!
Missing character: There is no o in font nullfont!
Missing character: There is no c in font nullfont!
Missing character: There is no h in font nullfont!
Missing character: There is no a in font nullfont!
Missing character: There is no s in font nullfont!
Missing character: There is no t in font nullfont!
Missing character: There is no i in font nullfont!
Missing character: There is no c in font nullfont!
Missing character: There is no p in font nullfont!
Missing character: There is no r in font nullfont!
Missing character: There is no o in font nullfont!
Missing character: There is no c in font nullfont!
Missing character: There is no e in font nullfont!
Missing character: There is no s in font nullfont!
Missing character: There is no s in font nullfont!
Missing character: There is no e in font nullfont!
Missing character: There is no s in font nullfont!

d:/Files/Sunrt_Notes/o.tex:10: LaTeX Error: Unicode character ï¼‰ (U+FF09)
               not set up for use with LaTeX.

See the LaTeX manual or LaTeX Companion for explanation.
Type  H <return>  for immediate help.
 ...                                              
                                                  
l.10 processesï¼‰
                 ï¼Œè®°ä¸º\(\bs{X}=\{X(t):t\in T\}\).
You may provide a definition with
\DeclareUnicodeCharacter 


d:/Files/Sunrt_Notes/o.tex:10: LaTeX Error: Unicode character ï¼Œ (U+FF0C)
               not set up for use with LaTeX.

See the LaTeX manual or LaTeX Companion for explanation.
Type  H <return>  for immediate help.
 ...                                              
                                                  
l.10 processesï¼‰ï¼Œ
                    è®°ä¸º\(\bs{X}=\{X(t):t\in T\}\).
You may provide a definition with
\DeclareUnicodeCharacter 


d:/Files/Sunrt_Notes/o.tex:10: LaTeX Error: Unicode character è®° (U+8BB0)
               not set up for use with LaTeX.

See the LaTeX manual or LaTeX Companion for explanation.
Type  H <return>  for immediate help.
 ...                                              
                                                  
l.10 processesï¼‰ï¼Œè®°
                       ä¸º\(\bs{X}=\{X(t):t\in T\}\).
You may provide a definition with
\DeclareUnicodeCharacter 


d:/Files/Sunrt_Notes/o.tex:10: LaTeX Error: Unicode character ä¸º (U+4E3A)
               not set up for use with LaTeX.

See the LaTeX manual or LaTeX Companion for explanation.
Type  H <return>  for immediate help.
 ...                                              
                                                  
l.10 processesï¼‰ï¼Œè®°ä¸º
                          \(\bs{X}=\{X(t):t\in T\}\).
You may provide a definition with
\DeclareUnicodeCharacter 

d:/Files/Sunrt_Notes/o.tex:10: Undefined control sequence.
l.10 processesï¼‰ï¼Œè®°ä¸º\(\bs
                               {X}=\{X(t):t\in T\}\).
The control sequence at the end of the top line
of your error message was never \def'ed. If you have
misspelled it (e.g., `\hobx'), type `I' and the correct
spelling (e.g., `I\hbox'). Otherwise just continue,
and I'll forget about whatever was undefined.

Missing character: There is no . in font nullfont!

d:/Files/Sunrt_Notes/o.tex:11: LaTeX Error: Unicode character è¿™ (U+8FD9)
               not set up for use with LaTeX.

See the LaTeX manual or LaTeX Companion for explanation.
Type  H <return>  for immediate help.
 ...                                              
                                                  
l.11 è¿™
        é‡Œ\(T\)æ˜¯æŒ‡æ ‡é›†ï¼Œå¯¹äºæŒ‡æ ‡é›†ä¸­çš„æ¯ä¸€ä¸ª\(t\)ï¼Œå¯¹åº”ç...
You may provide a definition with
\DeclareUnicodeCharacter 


d:/Files/Sunrt_Notes/o.tex:11: LaTeX Error: Unicode character é‡Œ (U+91CC)
               not set up for use with LaTeX.

See the LaTeX manual or LaTeX Companion for explanation.
Type  H <return>  for immediate help.
 ...                                              
                                                  
l.11 è¿™é‡Œ
           \(T\)æ˜¯æŒ‡æ ‡é›†ï¼Œå¯¹äºæŒ‡æ ‡é›†ä¸­çš„æ¯ä¸€ä¸ª\(t\)ï¼Œå¯¹åº”ç...
You may provide a definition with
\DeclareUnicodeCharacter 


d:/Files/Sunrt_Notes/o.tex:11: LaTeX Error: Unicode character æ˜¯ (U+662F)
               not set up for use with LaTeX.

See the LaTeX manual or LaTeX Companion for explanation.
Type  H <return>  for immediate help.
 ...                                              
                                                  
l.11 è¿™é‡Œ\(T\)æ˜¯
                   æŒ‡æ ‡é›†ï¼Œå¯¹äºæŒ‡æ ‡é›†ä¸­çš„æ¯ä¸€ä¸ª\(t\)ï¼Œå¯¹åº”ç...
You may provide a definition with
\DeclareUnicodeCharacter 


d:/Files/Sunrt_Notes/o.tex:11: LaTeX Error: Unicode character æŒ‡ (U+6307)
               not set up for use with LaTeX.

See the LaTeX manual or LaTeX Companion for explanation.
Type  H <return>  for immediate help.
 ...                                              
                                                  
l.11 è¿™é‡Œ\(T\)æ˜¯æŒ‡
                      æ ‡é›†ï¼Œå¯¹äºæŒ‡æ ‡é›†ä¸­çš„æ¯ä¸€ä¸ª\(t\)ï¼Œå¯¹åº”ç...
You may provide a definition with
\DeclareUnicodeCharacter 


d:/Files/Sunrt_Notes/o.tex:11: LaTeX Error: Unicode character æ ‡ (U+6807)
               not set up for use with LaTeX.

See the LaTeX manual or LaTeX Companion for explanation.
Type  H <return>  for immediate help.
 ...                                              
                                                  
l.11 è¿™é‡Œ\(T\)æ˜¯æŒ‡æ ‡
                         é›†ï¼Œå¯¹äºæŒ‡æ ‡é›†ä¸­çš„æ¯ä¸€ä¸ª\(t\)ï¼Œå¯¹åº”ç...
You may provide a definition with
\DeclareUnicodeCharacter 


d:/Files/Sunrt_Notes/o.tex:11: LaTeX Error: Unicode character é›† (U+96C6)
               not set up for use with LaTeX.

See the LaTeX manual or LaTeX Companion for explanation.
Type  H <return>  for immediate help.
 ...                                              
                                                  
l.11 è¿™é‡Œ\(T\)æ˜¯æŒ‡æ ‡é›†
                            ï¼Œå¯¹äºæŒ‡æ ‡é›†ä¸­çš„æ¯ä¸€ä¸ª\(t\)ï¼Œå¯¹åº”ç...
You may provide a definition with
\DeclareUnicodeCharacter 


d:/Files/Sunrt_Notes/o.tex:11: LaTeX Error: Unicode character ï¼Œ (U+FF0C)
               not set up for use with LaTeX.

See the LaTeX manual or LaTeX Companion for explanation.
Type  H <return>  for immediate help.
 ...                                              
                                                  
l.11 è¿™é‡Œ\(T\)æ˜¯æŒ‡æ ‡é›†ï¼Œ
                               å¯¹äºæŒ‡æ ‡é›†ä¸­çš„æ¯ä¸€ä¸ª\(t\)ï¼Œå¯¹åº”ç...
You may provide a definition with
\DeclareUnicodeCharacter 


d:/Files/Sunrt_Notes/o.tex:11: LaTeX Error: Unicode character å¯¹ (U+5BF9)
               not set up for use with LaTeX.

See the LaTeX manual or LaTeX Companion for explanation.
Type  H <return>  for immediate help.
 ...                                              
                                                  
l.11 è¿™é‡Œ\(T\)æ˜¯æŒ‡æ ‡é›†ï¼Œå¯¹
                                  äºæŒ‡æ ‡é›†ä¸­çš„æ¯ä¸€ä¸ª\(t\)ï¼Œå¯¹åº”ç...
You may provide a definition with
\DeclareUnicodeCharacter 


d:/Files/Sunrt_Notes/o.tex:11: LaTeX Error: Unicode character äº (U+4E8E)
               not set up for use with LaTeX.

See the LaTeX manual or LaTeX Companion for explanation.
Type  H <return>  for immediate help.
 ...                                              
                                                  
l.11 è¿™é‡Œ\(T\)æ˜¯æŒ‡æ ‡é›†ï¼Œå¯¹äº
                                     æŒ‡æ ‡é›†ä¸­çš„æ¯ä¸€ä¸ª\(t\)ï¼Œå¯¹åº”ç...
You may provide a definition with
\DeclareUnicodeCharacter 


d:/Files/Sunrt_Notes/o.tex:11: LaTeX Error: Unicode character æŒ‡ (U+6307)
               not set up for use with LaTeX.

See the LaTeX manual or LaTeX Companion for explanation.
Type  H <return>  for immediate help.
 ...                                              
                                                  
l.11 è¿™é‡Œ\(T\)æ˜¯æŒ‡æ ‡é›†ï¼Œå¯¹äºæŒ‡
                                        æ ‡é›†ä¸­çš„æ¯ä¸€ä¸ª\(t\)ï¼Œå¯¹åº”ç...
You may provide a definition with
\DeclareUnicodeCharacter 


d:/Files/Sunrt_Notes/o.tex:11: LaTeX Error: Unicode character æ ‡ (U+6807)
               not set up for use with LaTeX.

See the LaTeX manual or LaTeX Companion for explanation.
Type  H <return>  for immediate help.
 ...                                              
                                                  
l.11 è¿™é‡Œ\(T\)æ˜¯æŒ‡æ ‡é›†ï¼Œå¯¹äºæŒ‡æ ‡
                                           é›†ä¸­çš„æ¯ä¸€ä¸ª\(t\)ï¼Œå¯¹åº”ç...
You may provide a definition with
\DeclareUnicodeCharacter 


d:/Files/Sunrt_Notes/o.tex:11: LaTeX Error: Unicode character é›† (U+96C6)
               not set up for use with LaTeX.

See the LaTeX manual or LaTeX Companion for explanation.
Type  H <return>  for immediate help.
 ...                                              
                                                  
l.11 è¿™é‡Œ\(T\)æ˜¯æŒ‡æ ‡é›†ï¼Œå¯¹äºæŒ‡æ ‡é›†
                                              ä¸­çš„æ¯ä¸€ä¸ª\(t\)ï¼Œå¯¹åº”ç...
You may provide a definition with
\DeclareUnicodeCharacter 


d:/Files/Sunrt_Notes/o.tex:11: LaTeX Error: Unicode character ä¸­ (U+4E2D)
               not set up for use with LaTeX.

See the LaTeX manual or LaTeX Companion for explanation.
Type  H <return>  for immediate help.
 ...                                              
                                                  
l.11 è¿™é‡Œ\(T\)æ˜¯æŒ‡æ ‡é›†ï¼Œå¯¹äºæŒ‡æ ‡é›†ä¸­
                                                 çš„æ¯ä¸€ä¸ª\(t\)ï¼Œå¯¹åº”ç...
You may provide a definition with
\DeclareUnicodeCharacter 


d:/Files/Sunrt_Notes/o.tex:11: LaTeX Error: Unicode character çš„ (U+7684)
               not set up for use with LaTeX.

See the LaTeX manual or LaTeX Companion for explanation.
Type  H <return>  for immediate help.
 ...                                              
                                                  
l.11 ...Œ\(T\)æ˜¯æŒ‡æ ‡é›†ï¼Œå¯¹äºæŒ‡æ ‡é›†ä¸­çš„
                                                  æ¯ä¸€ä¸ª\(t\)ï¼Œå¯¹åº”çš„...
You may provide a definition with
\DeclareUnicodeCharacter 


d:/Files/Sunrt_Notes/o.tex:11: LaTeX Error: Unicode character æ¯ (U+6BCF)
               not set up for use with LaTeX.

See the LaTeX manual or LaTeX Companion for explanation.
Type  H <return>  for immediate help.
 ...                                              
                                                  
l.11 ...T\)æ˜¯æŒ‡æ ‡é›†ï¼Œå¯¹äºæŒ‡æ ‡é›†ä¸­çš„æ¯
                                                  ä¸€ä¸ª\(t\)ï¼Œå¯¹åº”çš„\(X...
You may provide a definition with
\DeclareUnicodeCharacter 


d:/Files/Sunrt_Notes/o.tex:11: LaTeX Error: Unicode character ä¸€ (U+4E00)
               not set up for use with LaTeX.

See the LaTeX manual or LaTeX Companion for explanation.
Type  H <return>  for immediate help.
 ...                                              
                                                  
l.11 ...æ˜¯æŒ‡æ ‡é›†ï¼Œå¯¹äºæŒ‡æ ‡é›†ä¸­çš„æ¯ä¸€
                                                  ä¸ª\(t\)ï¼Œå¯¹åº”çš„\(X(t)...
You may provide a definition with
\DeclareUnicodeCharacter 


d:/Files/Sunrt_Notes/o.tex:11: LaTeX Error: Unicode character ä¸ª (U+4E2A)
               not set up for use with LaTeX.

See the LaTeX manual or LaTeX Companion for explanation.
Type  H <return>  for immediate help.
 ...                                              
                                                  
l.11 ...æŒ‡æ ‡é›†ï¼Œå¯¹äºæŒ‡æ ‡é›†ä¸­çš„æ¯ä¸€ä¸ª
                                                  \(t\)ï¼Œå¯¹åº”çš„\(X(t)\)é...
You may provide a definition with
\DeclareUnicodeCharacter 


d:/Files/Sunrt_Notes/o.tex:11: LaTeX Error: Unicode character ï¼Œ (U+FF0C)
               not set up for use with LaTeX.

See the LaTeX manual or LaTeX Companion for explanation.
Type  H <return>  for immediate help.
 ...                                              
                                                  
l.11 ...†ï¼Œå¯¹äºæŒ‡æ ‡é›†ä¸­çš„æ¯ä¸€ä¸ª\(t\)ï¼Œ
                                                  å¯¹åº”çš„\(X(t)\)éƒ½æ˜¯ä¸€...
You may provide a definition with
\DeclareUnicodeCharacter 


d:/Files/Sunrt_Notes/o.tex:11: LaTeX Error: Unicode character å¯¹ (U+5BF9)
               not set up for use with LaTeX.

See the LaTeX manual or LaTeX Companion for explanation.
Type  H <return>  for immediate help.
 ...                                              
                                                  
l.11 ...Œå¯¹äºæŒ‡æ ‡é›†ä¸­çš„æ¯ä¸€ä¸ª\(t\)ï¼Œå¯¹
                                                  åº”çš„\(X(t)\)éƒ½æ˜¯ä¸€ä¸ª...
You may provide a definition with
\DeclareUnicodeCharacter 


d:/Files/Sunrt_Notes/o.tex:11: LaTeX Error: Unicode character åº” (U+5E94)
               not set up for use with LaTeX.

See the LaTeX manual or LaTeX Companion for explanation.
Type  H <return>  for immediate help.
 ...                                              
                                                  
l.11 ...¹äºæŒ‡æ ‡é›†ä¸­çš„æ¯ä¸€ä¸ª\(t\)ï¼Œå¯¹åº”
                                                  çš„\(X(t)\)éƒ½æ˜¯ä¸€ä¸ªå•...
You may provide a definition with
\DeclareUnicodeCharacter 


d:/Files/Sunrt_Notes/o.tex:11: LaTeX Error: Unicode character çš„ (U+7684)
               not set up for use with LaTeX.

See the LaTeX manual or LaTeX Companion for explanation.
Type  H <return>  for immediate help.
 ...                                              
                                                  
l.11 ...æŒ‡æ ‡é›†ä¸­çš„æ¯ä¸€ä¸ª\(t\)ï¼Œå¯¹åº”çš„
                                                  \(X(t)\)éƒ½æ˜¯ä¸€ä¸ªå•ç‹¬...
You may provide a definition with
\DeclareUnicodeCharacter 


d:/Files/Sunrt_Notes/o.tex:11: LaTeX Error: Unicode character éƒ½ (U+90FD)
               not set up for use with LaTeX.

See the LaTeX manual or LaTeX Companion for explanation.
Type  H <return>  for immediate help.
 ...                                              
                                                  
l.11 ...¸­çš„æ¯ä¸€ä¸ª\(t\)ï¼Œå¯¹åº”çš„\(X(t)\)éƒ½
                                                  æ˜¯ä¸€ä¸ªå•ç‹¬çš„\emph{éš...
You may provide a definition with
\DeclareUnicodeCharacter 


d:/Files/Sunrt_Notes/o.tex:11: LaTeX Error: Unicode character æ˜¯ (U+662F)
               not set up for use with LaTeX.

See the LaTeX manual or LaTeX Companion for explanation.
Type  H <return>  for immediate help.
 ...                                              
                                                  
l.11 ...š„æ¯ä¸€ä¸ª\(t\)ï¼Œå¯¹åº”çš„\(X(t)\)éƒ½æ˜¯
                                                  ä¸€ä¸ªå•ç‹¬çš„\emph{éšæœ...
You may provide a definition with
\DeclareUnicodeCharacter 


d:/Files/Sunrt_Notes/o.tex:11: LaTeX Error: Unicode character ä¸€ (U+4E00)
               not set up for use with LaTeX.

See the LaTeX manual or LaTeX Companion for explanation.
Type  H <return>  for immediate help.
 ...                                              
                                                  
l.11 ...¯ä¸€ä¸ª\(t\)ï¼Œå¯¹åº”çš„\(X(t)\)éƒ½æ˜¯ä¸€
                                                  ä¸ªå•ç‹¬çš„\emph{éšæœºå...
You may provide a definition with
\DeclareUnicodeCharacter 


d:/Files/Sunrt_Notes/o.tex:11: LaTeX Error: Unicode character ä¸ª (U+4E2A)
               not set up for use with LaTeX.

See the LaTeX manual or LaTeX Companion for explanation.
Type  H <return>  for immediate help.
 ...                                              
                                                  
l.11 ...¸€ä¸ª\(t\)ï¼Œå¯¹åº”çš„\(X(t)\)éƒ½æ˜¯ä¸€ä¸ª
                                                  å•ç‹¬çš„\emph{éšæœºå˜é‡...
You may provide a definition with
\DeclareUnicodeCharacter 


d:/Files/Sunrt_Notes/o.tex:11: LaTeX Error: Unicode character å• (U+5355)
               not set up for use with LaTeX.

See the LaTeX manual or LaTeX Companion for explanation.
Type  H <return>  for immediate help.
 ...                                              
                                                  
l.11 ...¸ª\(t\)ï¼Œå¯¹åº”çš„\(X(t)\)éƒ½æ˜¯ä¸€ä¸ªå•
                                                  ç‹¬çš„\emph{éšæœºå˜é‡}ã...
You may provide a definition with
\DeclareUnicodeCharacter 


d:/Files/Sunrt_Notes/o.tex:11: LaTeX Error: Unicode character ç‹¬ (U+72EC)
               not set up for use with LaTeX.

See the LaTeX manual or LaTeX Companion for explanation.
Type  H <return>  for immediate help.
 ...                                              
                                                  
l.11 ...(t\)ï¼Œå¯¹åº”çš„\(X(t)\)éƒ½æ˜¯ä¸€ä¸ªå•ç‹¬
                                                  çš„\emph{éšæœºå˜é‡}ã€‚å...
You may provide a definition with
\DeclareUnicodeCharacter 


d:/Files/Sunrt_Notes/o.tex:11: LaTeX Error: Unicode character çš„ (U+7684)
               not set up for use with LaTeX.

See the LaTeX manual or LaTeX Companion for explanation.
Type  H <return>  for immediate help.
 ...                                              
                                                  
l.11 ...)ï¼Œå¯¹åº”çš„\(X(t)\)éƒ½æ˜¯ä¸€ä¸ªå•ç‹¬çš„
                                                  \emph{éšæœºå˜é‡}ã€‚å› æ...
You may provide a definition with
\DeclareUnicodeCharacter 


d:/Files/Sunrt_Notes/o.tex:11: LaTeX Error: Unicode character éš (U+968F)
               not set up for use with LaTeX.

See the LaTeX manual or LaTeX Companion for explanation.
Type  H <return>  for immediate help.
 ...                                              
                                                  
l.11 ...\)éƒ½æ˜¯ä¸€ä¸ªå•ç‹¬çš„\emph{éšæœºå˜é‡}
                                                  ã€‚å› æ­¤ï¼Œéšæœºè¿‡ç¨‹å°...
You may provide a definition with
\DeclareUnicodeCharacter 


d:/Files/Sunrt_Notes/o.tex:11: LaTeX Error: Unicode character æœº (U+673A)
               not set up for use with LaTeX.

See the LaTeX manual or LaTeX Companion for explanation.
Type  H <return>  for immediate help.
 ...                                              
                                                  
l.11 ...\)éƒ½æ˜¯ä¸€ä¸ªå•ç‹¬çš„\emph{éšæœºå˜é‡}
                                                  ã€‚å› æ­¤ï¼Œéšæœºè¿‡ç¨‹å°...
You may provide a definition with
\DeclareUnicodeCharacter 


d:/Files/Sunrt_Notes/o.tex:11: LaTeX Error: Unicode character å˜ (U+53D8)
               not set up for use with LaTeX.

See the LaTeX manual or LaTeX Companion for explanation.
Type  H <return>  for immediate help.
 ...                                              
                                                  
l.11 ...\)éƒ½æ˜¯ä¸€ä¸ªå•ç‹¬çš„\emph{éšæœºå˜é‡}
                                                  ã€‚å› æ­¤ï¼Œéšæœºè¿‡ç¨‹å°...
You may provide a definition with
\DeclareUnicodeCharacter 


d:/Files/Sunrt_Notes/o.tex:11: LaTeX Error: Unicode character é‡ (U+91CF)
               not set up for use with LaTeX.

See the LaTeX manual or LaTeX Companion for explanation.
Type  H <return>  for immediate help.
 ...                                              
                                                  
l.11 ...\)éƒ½æ˜¯ä¸€ä¸ªå•ç‹¬çš„\emph{éšæœºå˜é‡}
                                                  ã€‚å› æ­¤ï¼Œéšæœºè¿‡ç¨‹å°...
You may provide a definition with
\DeclareUnicodeCharacter 


d:/Files/Sunrt_Notes/o.tex:11: LaTeX Error: Unicode character ã€‚ (U+3002)
               not set up for use with LaTeX.

See the LaTeX manual or LaTeX Companion for explanation.
Type  H <return>  for immediate help.
 ...                                              
                                                  
l.11 ...ƒ½æ˜¯ä¸€ä¸ªå•ç‹¬çš„\emph{éšæœºå˜é‡}ã€‚
                                                  å› æ­¤ï¼Œéšæœºè¿‡ç¨‹å°±æ˜...
You may provide a definition with
\DeclareUnicodeCharacter 


d:/Files/Sunrt_Notes/o.tex:11: LaTeX Error: Unicode character å›  (U+56E0)
               not set up for use with LaTeX.

See the LaTeX manual or LaTeX Companion for explanation.
Type  H <return>  for immediate help.
 ...                                              
                                                  
l.11 ...˜¯ä¸€ä¸ªå•ç‹¬çš„\emph{éšæœºå˜é‡}ã€‚å› 
                                                  æ­¤ï¼Œéšæœºè¿‡ç¨‹å°±æ˜¯å¾...
You may provide a definition with
\DeclareUnicodeCharacter 


d:/Files/Sunrt_Notes/o.tex:11: LaTeX Error: Unicode character æ­¤ (U+6B64)
               not set up for use with LaTeX.

See the LaTeX manual or LaTeX Companion for explanation.
Type  H <return>  for immediate help.
 ...                                              
                                                  
l.11 ...¸€ä¸ªå•ç‹¬çš„\emph{éšæœºå˜é‡}ã€‚å› æ­¤
                                                  ï¼Œéšæœºè¿‡ç¨‹å°±æ˜¯å¾€éš...
You may provide a definition with
\DeclareUnicodeCharacter 


d:/Files/Sunrt_Notes/o.tex:11: LaTeX Error: Unicode character ï¼Œ (U+FF0C)
               not set up for use with LaTeX.

See the LaTeX manual or LaTeX Companion for explanation.
Type  H <return>  for immediate help.
 ...                                              
                                                  
l.11 ...¸ªå•ç‹¬çš„\emph{éšæœºå˜é‡}ã€‚å› æ­¤ï¼Œ
                                                  éšæœºè¿‡ç¨‹å°±æ˜¯å¾€éšæœ...
You may provide a definition with
\DeclareUnicodeCharacter 


d:/Files/Sunrt_Notes/o.tex:11: LaTeX Error: Unicode character éš (U+968F)
               not set up for use with LaTeX.

See the LaTeX manual or LaTeX Companion for explanation.
Type  H <return>  for immediate help.
 ...                                              
                                                  
l.11 ...•ç‹¬çš„\emph{éšæœºå˜é‡}ã€‚å› æ­¤ï¼Œéš
                                                  æœºè¿‡ç¨‹å°±æ˜¯å¾€éšæœºå...
You may provide a definition with
\DeclareUnicodeCharacter 


d:/Files/Sunrt_Notes/o.tex:11: LaTeX Error: Unicode character æœº (U+673A)
               not set up for use with LaTeX.

See the LaTeX manual or LaTeX Companion for explanation.
Type  H <return>  for immediate help.
 ...                                              
                                                  
l.11 ...‹¬çš„\emph{éšæœºå˜é‡}ã€‚å› æ­¤ï¼Œéšæœº
                                                  è¿‡ç¨‹å°±æ˜¯å¾€éšæœºå˜é‡...
You may provide a definition with
\DeclareUnicodeCharacter 


d:/Files/Sunrt_Notes/o.tex:11: LaTeX Error: Unicode character è¿‡ (U+8FC7)
               not set up for use with LaTeX.

See the LaTeX manual or LaTeX Companion for explanation.
Type  H <return>  for immediate help.
 ...                                              
                                                  
l.11 ...š„\emph{éšæœºå˜é‡}ã€‚å› æ­¤ï¼Œéšæœºè¿‡
                                                  ç¨‹å°±æ˜¯å¾€éšæœºå˜é‡ä¸...
You may provide a definition with
\DeclareUnicodeCharacter 


d:/Files/Sunrt_Notes/o.tex:11: LaTeX Error: Unicode character ç¨‹ (U+7A0B)
               not set up for use with LaTeX.

See the LaTeX manual or LaTeX Companion for explanation.
Type  H <return>  for immediate help.
 ...                                              
                                                  
l.11 ...emph{éšæœºå˜é‡}ã€‚å› æ­¤ï¼Œéšæœºè¿‡ç¨‹
                                                  å°±æ˜¯å¾€éšæœºå˜é‡ä¸­å¼...
You may provide a definition with
\DeclareUnicodeCharacter 


d:/Files/Sunrt_Notes/o.tex:11: LaTeX Error: Unicode character å°± (U+5C31)
               not set up for use with LaTeX.

See the LaTeX manual or LaTeX Companion for explanation.
Type  H <return>  for immediate help.
 ...                                              
                                                  
l.11 ...h{éšæœºå˜é‡}ã€‚å› æ­¤ï¼Œéšæœºè¿‡ç¨‹å°±
                                                  æ˜¯å¾€éšæœºå˜é‡ä¸­å¼•å…...
You may provide a definition with
\DeclareUnicodeCharacter 


d:/Files/Sunrt_Notes/o.tex:11: LaTeX Error: Unicode character æ˜¯ (U+662F)
               not set up for use with LaTeX.

See the LaTeX manual or LaTeX Companion for explanation.
Type  H <return>  for immediate help.
 ...                                              
                                                  
l.11 ...šæœºå˜é‡}ã€‚å› æ­¤ï¼Œéšæœºè¿‡ç¨‹å°±æ˜¯
                                                  å¾€éšæœºå˜é‡ä¸­å¼•å…¥äº...
You may provide a definition with
\DeclareUnicodeCharacter 


d:/Files/Sunrt_Notes/o.tex:11: LaTeX Error: Unicode character å¾€ (U+5F80)
               not set up for use with LaTeX.

See the LaTeX manual or LaTeX Companion for explanation.
Type  H <return>  for immediate help.
 ...                                              
                                                  
l.11 ...œºå˜é‡}ã€‚å› æ­¤ï¼Œéšæœºè¿‡ç¨‹å°±æ˜¯å¾€
                                                  éšæœºå˜é‡ä¸­å¼•å…¥äº†``...
You may provide a definition with
\DeclareUnicodeCharacter 


d:/Files/Sunrt_Notes/o.tex:11: LaTeX Error: Unicode character éš (U+968F)
               not set up for use with LaTeX.

See the LaTeX manual or LaTeX Companion for explanation.
Type  H <return>  for immediate help.
 ...                                              
                                                  
l.11 ...˜é‡}ã€‚å› æ­¤ï¼Œéšæœºè¿‡ç¨‹å°±æ˜¯å¾€éš
                                                  æœºå˜é‡ä¸­å¼•å…¥äº†``ç©º...
You may provide a definition with
\DeclareUnicodeCharacter 


d:/Files/Sunrt_Notes/o.tex:11: LaTeX Error: Unicode character æœº (U+673A)
               not set up for use with LaTeX.

See the LaTeX manual or LaTeX Companion for explanation.
Type  H <return>  for immediate help.
 ...                                              
                                                  
l.11 ...‡}ã€‚å› æ­¤ï¼Œéšæœºè¿‡ç¨‹å°±æ˜¯å¾€éšæœº
                                                  å˜é‡ä¸­å¼•å…¥äº†``ç©ºé—´...
You may provide a definition with
\DeclareUnicodeCharacter 


d:/Files/Sunrt_Notes/o.tex:11: LaTeX Error: Unicode character å˜ (U+53D8)
               not set up for use with LaTeX.

See the LaTeX manual or LaTeX Companion for explanation.
Type  H <return>  for immediate help.
 ...                                              
                                                  
l.11 ...ã€‚å› æ­¤ï¼Œéšæœºè¿‡ç¨‹å°±æ˜¯å¾€éšæœºå˜
                                                  é‡ä¸­å¼•å…¥äº†``ç©ºé—´''ç...
You may provide a definition with
\DeclareUnicodeCharacter 


d:/Files/Sunrt_Notes/o.tex:11: LaTeX Error: Unicode character é‡ (U+91CF)
               not set up for use with LaTeX.

See the LaTeX manual or LaTeX Companion for explanation.
Type  H <return>  for immediate help.
 ...                                              
                                                  
l.11 ...å› æ­¤ï¼Œéšæœºè¿‡ç¨‹å°±æ˜¯å¾€éšæœºå˜é‡
                                                  ä¸­å¼•å…¥äº†``ç©ºé—´''çš„æ...
You may provide a definition with
\DeclareUnicodeCharacter 


d:/Files/Sunrt_Notes/o.tex:11: LaTeX Error: Unicode character ä¸­ (U+4E2D)
               not set up for use with LaTeX.

See the LaTeX manual or LaTeX Companion for explanation.
Type  H <return>  for immediate help.
 ...                                              
                                                  
l.11 ...æ­¤ï¼Œéšæœºè¿‡ç¨‹å°±æ˜¯å¾€éšæœºå˜é‡ä¸­
                                                  å¼•å…¥äº†``ç©ºé—´''çš„æ¦‚å...
You may provide a definition with
\DeclareUnicodeCharacter 


d:/Files/Sunrt_Notes/o.tex:11: LaTeX Error: Unicode character å¼• (U+5F15)
               not set up for use with LaTeX.

See the LaTeX manual or LaTeX Companion for explanation.
Type  H <return>  for immediate help.
 ...                                              
                                                  
l.11 ...ï¼Œéšæœºè¿‡ç¨‹å°±æ˜¯å¾€éšæœºå˜é‡ä¸­å¼•
                                                  å…¥äº†``ç©ºé—´''çš„æ¦‚å¿µã...
You may provide a definition with
\DeclareUnicodeCharacter 


d:/Files/Sunrt_Notes/o.tex:11: LaTeX Error: Unicode character å…¥ (U+5165)
               not set up for use with LaTeX.

See the LaTeX manual or LaTeX Companion for explanation.
Type  H <return>  for immediate help.
 ...                                              
                                                  
l.11 ...éšæœºè¿‡ç¨‹å°±æ˜¯å¾€éšæœºå˜é‡ä¸­å¼•å…¥
                                                  äº†``ç©ºé—´''çš„æ¦‚å¿µã€‚å...
You may provide a definition with
\DeclareUnicodeCharacter 


d:/Files/Sunrt_Notes/o.tex:11: LaTeX Error: Unicode character äº† (U+4E86)
               not set up for use with LaTeX.

See the LaTeX manual or LaTeX Companion for explanation.
Type  H <return>  for immediate help.
 ...                                              
                                                  
l.11 ...æœºè¿‡ç¨‹å°±æ˜¯å¾€éšæœºå˜é‡ä¸­å¼•å…¥äº†
                                                  ``ç©ºé—´''çš„æ¦‚å¿µã€‚åœ¨å...
You may provide a definition with
\DeclareUnicodeCharacter 

Missing character: There is no ` in font nullfont!
Missing character: There is no ` in font nullfont!

d:/Files/Sunrt_Notes/o.tex:11: LaTeX Error: Unicode character ç©º (U+7A7A)
               not set up for use with LaTeX.

See the LaTeX manual or LaTeX Companion for explanation.
Type  H <return>  for immediate help.
 ...                                              
                                                  
l.11 ...‡ç¨‹å°±æ˜¯å¾€éšæœºå˜é‡ä¸­å¼•å…¥äº†``ç©º
                                                  é—´''çš„æ¦‚å¿µã€‚åœ¨å¤§éƒ¨...
You may provide a definition with
\DeclareUnicodeCharacter 


d:/Files/Sunrt_Notes/o.tex:11: LaTeX Error: Unicode character é—´ (U+95F4)
               not set up for use with LaTeX.

See the LaTeX manual or LaTeX Companion for explanation.
Type  H <return>  for immediate help.
 ...                                              
                                                  
l.11 ...‹å°±æ˜¯å¾€éšæœºå˜é‡ä¸­å¼•å…¥äº†``ç©ºé—´
                                                  ''çš„æ¦‚å¿µã€‚åœ¨å¤§éƒ¨åˆ†...
You may provide a definition with
\DeclareUnicodeCharacter 

Missing character: There is no ' in font nullfont!
Missing character: There is no ' in font nullfont!

d:/Files/Sunrt_Notes/o.tex:11: LaTeX Error: Unicode character çš„ (U+7684)
               not set up for use with LaTeX.

See the LaTeX manual or LaTeX Companion for explanation.
Type  H <return>  for immediate help.
 ...                                              
                                                  
l.11 ...˜¯å¾€éšæœºå˜é‡ä¸­å¼•å…¥äº†``ç©ºé—´''çš„
                                                  æ¦‚å¿µã€‚åœ¨å¤§éƒ¨åˆ†åœºå...
You may provide a definition with
\DeclareUnicodeCharacter 


d:/Files/Sunrt_Notes/o.tex:11: LaTeX Error: Unicode character æ¦‚ (U+6982)
               not set up for use with LaTeX.

See the LaTeX manual or LaTeX Companion for explanation.
Type  H <return>  for immediate help.
 ...                                              
                                                  
l.11 ...¾€éšæœºå˜é‡ä¸­å¼•å…¥äº†``ç©ºé—´''çš„æ¦‚
                                                  å¿µã€‚åœ¨å¤§éƒ¨åˆ†åœºåˆä¸...
(That makes 100 errors; please try again.) 
Here is how much of TeX's memory you used:
 93 strings out of 474116
 1086 string characters out of 5742687
 1925190 words of memory out of 5000000
 22549 multiletter control sequences out of 15000+600000
 558723 words of font info for 38 fonts, out of 8000000 for 9000
 1141 hyphenation exceptions out of 8191
 18i,2n,20p,321b,72s stack positions out of 10000i,1000n,20000p,200000b,200000s

d:/Files/Sunrt_Notes/o.tex:11:  ==> Fatal error occurred, no output PDF file produced!
